{"/Users/agiammarchi/git/monthyl/cjs/index.js":{"path":"/Users/agiammarchi/git/monthyl/cjs/index.js","s":{"1":1,"2":1,"3":16,"4":16,"5":16,"6":16,"7":16,"8":16,"9":16,"10":16,"11":16,"12":16,"13":16,"14":16,"15":16,"16":16,"17":16,"18":2,"19":16,"20":16,"21":2,"22":16,"23":16,"24":16,"25":16,"26":16,"27":112,"28":112,"29":16,"30":16,"31":2,"32":16,"33":16,"34":16,"35":16,"36":96,"37":96,"38":10,"39":16,"40":2,"41":16,"42":1,"43":127,"44":99,"45":99,"46":99,"47":28,"48":1,"49":2,"50":2,"51":1,"52":112,"53":1,"54":32,"55":103,"56":1,"57":3622,"58":1,"59":440,"60":1,"61":96,"62":96,"63":672,"64":488,"65":488,"66":13,"67":488,"68":147,"69":488,"70":15,"71":488,"72":12,"73":488,"74":61,"75":488,"76":184,"77":672,"78":96,"79":1},"b":{"1":[2,14],"2":[16,16],"3":[16,4],"4":[16,2],"5":[16,4],"6":[16,2],"7":[16,4],"8":[4,12],"9":[2,14],"10":[2,14],"11":[2,14],"12":[2,14],"13":[2,14],"14":[2,14],"15":[2,14],"16":[2,14],"17":[2,14],"18":[2,14],"19":[2,14],"20":[12,84],"21":[12,84],"22":[12,84],"23":[10,86],"24":[96,80],"25":[2,14],"26":[99,28],"27":[1,1],"28":[2,1],"29":[3622,122,109],"30":[488,184],"31":[13,475],"32":[147,341],"33":[488,349],"34":[15,473],"35":[12,476],"36":[61,427]},"f":{"1":1,"2":16,"3":127,"4":2,"5":112,"6":32,"7":3622,"8":440,"9":96},"fnMap":{"1":{"name":"(anonymous_1)","line":1,"loc":{"start":{"line":1,"column":15},"end":{"line":1,"column":27}}},"2":{"name":"monthly","line":19,"loc":{"start":{"line":19,"column":9},"end":{"line":19,"column":35}}},"3":{"name":"asDate","line":81,"loc":{"start":{"line":81,"column":2},"end":{"line":81,"column":23}}},"4":{"name":"currentDate","line":90,"loc":{"start":{"line":90,"column":2},"end":{"line":90,"column":29}}},"5":{"name":"day","line":97,"loc":{"start":{"line":97,"column":2},"end":{"line":97,"column":29}}},"6":{"name":"reach","line":104,"loc":{"start":{"line":104,"column":2},"end":{"line":104,"column":28}}},"7":{"name":"similar","line":109,"loc":{"start":{"line":109,"column":2},"end":{"line":109,"column":25}}},"8":{"name":"special","line":115,"loc":{"start":{"line":115,"column":2},"end":{"line":115,"column":29}}},"9":{"name":"row","line":120,"loc":{"start":{"line":120,"column":2},"end":{"line":123,"column":4}}}},"statementMap":{"1":{"start":{"line":1,"column":0},"end":{"line":149,"column":5}},"2":{"start":{"line":19,"column":2},"end":{"line":79,"column":4}},"3":{"start":{"line":20,"column":4},"end":{"line":20,"column":28}},"4":{"start":{"line":21,"column":4},"end":{"line":24,"column":69}},"5":{"start":{"line":25,"column":4},"end":{"line":25,"column":65}},"6":{"start":{"line":26,"column":4},"end":{"line":26,"column":63}},"7":{"start":{"line":27,"column":4},"end":{"line":27,"column":61}},"8":{"start":{"line":28,"column":4},"end":{"line":28,"column":73}},"9":{"start":{"line":29,"column":4},"end":{"line":29,"column":40}},"10":{"start":{"line":30,"column":4},"end":{"line":30,"column":79}},"11":{"start":{"line":31,"column":4},"end":{"line":31,"column":67}},"12":{"start":{"line":32,"column":4},"end":{"line":32,"column":32}},"13":{"start":{"line":33,"column":4},"end":{"line":33,"column":30}},"14":{"start":{"line":34,"column":4},"end":{"line":35,"column":65}},"15":{"start":{"line":36,"column":4},"end":{"line":39,"column":18}},"16":{"start":{"line":40,"column":4},"end":{"line":40,"column":20}},"17":{"start":{"line":41,"column":4},"end":{"line":41,"column":79}},"18":{"start":{"line":41,"column":15},"end":{"line":41,"column":79}},"19":{"start":{"line":42,"column":4},"end":{"line":46,"column":6}},"20":{"start":{"line":47,"column":4},"end":{"line":47,"column":79}},"21":{"start":{"line":47,"column":15},"end":{"line":47,"column":79}},"22":{"start":{"line":48,"column":4},"end":{"line":48,"column":38}},"23":{"start":{"line":49,"column":4},"end":{"line":49,"column":19}},"24":{"start":{"line":50,"column":4},"end":{"line":50,"column":44}},"25":{"start":{"line":51,"column":4},"end":{"line":51,"column":18}},"26":{"start":{"line":52,"column":4},"end":{"line":55,"column":5}},"27":{"start":{"line":53,"column":6},"end":{"line":53,"column":47}},"28":{"start":{"line":54,"column":6},"end":{"line":54,"column":39}},"29":{"start":{"line":56,"column":4},"end":{"line":60,"column":6}},"30":{"start":{"line":61,"column":4},"end":{"line":61,"column":79}},"31":{"start":{"line":61,"column":15},"end":{"line":61,"column":79}},"32":{"start":{"line":62,"column":4},"end":{"line":62,"column":33}},"33":{"start":{"line":63,"column":4},"end":{"line":63,"column":20}},"34":{"start":{"line":64,"column":4},"end":{"line":64,"column":26}},"35":{"start":{"line":65,"column":4},"end":{"line":76,"column":5}},"36":{"start":{"line":66,"column":6},"end":{"line":73,"column":8}},"37":{"start":{"line":74,"column":6},"end":{"line":75,"column":72}},"38":{"start":{"line":75,"column":8},"end":{"line":75,"column":72}},"39":{"start":{"line":77,"column":4},"end":{"line":77,"column":79}},"40":{"start":{"line":77,"column":15},"end":{"line":77,"column":79}},"41":{"start":{"line":78,"column":4},"end":{"line":78,"column":18}},"42":{"start":{"line":81,"column":2},"end":{"line":88,"column":3}},"43":{"start":{"line":82,"column":4},"end":{"line":86,"column":5}},"44":{"start":{"line":83,"column":6},"end":{"line":83,"column":42}},"45":{"start":{"line":84,"column":6},"end":{"line":84,"column":24}},"46":{"start":{"line":85,"column":6},"end":{"line":85,"column":18}},"47":{"start":{"line":87,"column":4},"end":{"line":87,"column":15}},"48":{"start":{"line":90,"column":2},"end":{"line":95,"column":3}},"49":{"start":{"line":91,"column":4},"end":{"line":91,"column":23}},"50":{"start":{"line":92,"column":4},"end":{"line":94,"column":36}},"51":{"start":{"line":97,"column":2},"end":{"line":102,"column":3}},"52":{"start":{"line":98,"column":4},"end":{"line":101,"column":18}},"53":{"start":{"line":104,"column":2},"end":{"line":107,"column":3}},"54":{"start":{"line":105,"column":4},"end":{"line":106,"column":39}},"55":{"start":{"line":106,"column":6},"end":{"line":106,"column":39}},"56":{"start":{"line":109,"column":2},"end":{"line":113,"column":3}},"57":{"start":{"line":110,"column":4},"end":{"line":112,"column":54}},"58":{"start":{"line":115,"column":2},"end":{"line":118,"column":3}},"59":{"start":{"line":116,"column":4},"end":{"line":116,"column":49}},"60":{"start":{"line":120,"column":2},"end":{"line":148,"column":3}},"61":{"start":{"line":124,"column":4},"end":{"line":124,"column":18}},"62":{"start":{"line":125,"column":4},"end":{"line":146,"column":5}},"63":{"start":{"line":126,"column":6},"end":{"line":144,"column":24}},"64":{"start":{"line":127,"column":8},"end":{"line":127,"column":51}},"65":{"start":{"line":128,"column":8},"end":{"line":129,"column":32}},"66":{"start":{"line":129,"column":10},"end":{"line":129,"column":32}},"67":{"start":{"line":130,"column":8},"end":{"line":134,"column":32}},"68":{"start":{"line":134,"column":10},"end":{"line":134,"column":32}},"69":{"start":{"line":135,"column":8},"end":{"line":136,"column":32}},"70":{"start":{"line":136,"column":10},"end":{"line":136,"column":32}},"71":{"start":{"line":137,"column":8},"end":{"line":138,"column":32}},"72":{"start":{"line":138,"column":10},"end":{"line":138,"column":32}},"73":{"start":{"line":139,"column":8},"end":{"line":140,"column":32}},"74":{"start":{"line":140,"column":10},"end":{"line":140,"column":32}},"75":{"start":{"line":141,"column":8},"end":{"line":141,"column":23}},"76":{"start":{"line":144,"column":8},"end":{"line":144,"column":24}},"77":{"start":{"line":145,"column":6},"end":{"line":145,"column":39}},"78":{"start":{"line":147,"column":4},"end":{"line":147,"column":16}},"79":{"start":{"line":150,"column":0},"end":{"line":150,"column":25}}},"branchMap":{"1":{"line":21,"type":"cond-expr","locations":[{"start":{"line":22,"column":22},"end":{"line":22,"column":39}},{"start":{"line":23,"column":22},"end":{"line":23,"column":39}}]},"2":{"line":24,"type":"binary-expr","locations":[{"start":{"line":24,"column":29},"end":{"line":24,"column":43}},{"start":{"line":24,"column":47},"end":{"line":24,"column":49}}]},"3":{"line":25,"type":"binary-expr","locations":[{"start":{"line":25,"column":26},"end":{"line":25,"column":39}},{"start":{"line":25,"column":43},"end":{"line":25,"column":45}}]},"4":{"line":26,"type":"binary-expr","locations":[{"start":{"line":26,"column":25},"end":{"line":26,"column":37}},{"start":{"line":26,"column":41},"end":{"line":26,"column":43}}]},"5":{"line":27,"type":"binary-expr","locations":[{"start":{"line":27,"column":24},"end":{"line":27,"column":35}},{"start":{"line":27,"column":39},"end":{"line":27,"column":41}}]},"6":{"line":28,"type":"binary-expr","locations":[{"start":{"line":28,"column":30},"end":{"line":28,"column":47}},{"start":{"line":28,"column":51},"end":{"line":28,"column":53}}]},"7":{"line":29,"type":"binary-expr","locations":[{"start":{"line":29,"column":17},"end":{"line":29,"column":31}},{"start":{"line":29,"column":35},"end":{"line":29,"column":39}}]},"8":{"line":30,"type":"cond-expr","locations":[{"start":{"line":30,"column":54},"end":{"line":30,"column":59}},{"start":{"line":30,"column":62},"end":{"line":30,"column":77}}]},"9":{"line":31,"type":"cond-expr","locations":[{"start":{"line":31,"column":46},"end":{"line":31,"column":47}},{"start":{"line":31,"column":50},"end":{"line":31,"column":66}}]},"10":{"line":33,"type":"cond-expr","locations":[{"start":{"line":33,"column":22},"end":{"line":33,"column":24}},{"start":{"line":33,"column":27},"end":{"line":33,"column":29}}]},"11":{"line":35,"type":"cond-expr","locations":[{"start":{"line":35,"column":33},"end":{"line":35,"column":57}},{"start":{"line":35,"column":61},"end":{"line":35,"column":63}}]},"12":{"line":41,"type":"if","locations":[{"start":{"line":41,"column":4},"end":{"line":41,"column":4}},{"start":{"line":41,"column":4},"end":{"line":41,"column":4}}]},"13":{"line":43,"type":"cond-expr","locations":[{"start":{"line":43,"column":15},"end":{"line":43,"column":31}},{"start":{"line":43,"column":34},"end":{"line":43,"column":36}}]},"14":{"line":45,"type":"cond-expr","locations":[{"start":{"line":45,"column":15},"end":{"line":45,"column":31}},{"start":{"line":45,"column":34},"end":{"line":45,"column":36}}]},"15":{"line":47,"type":"if","locations":[{"start":{"line":47,"column":4},"end":{"line":47,"column":4}},{"start":{"line":47,"column":4},"end":{"line":47,"column":4}}]},"16":{"line":57,"type":"cond-expr","locations":[{"start":{"line":57,"column":15},"end":{"line":57,"column":31}},{"start":{"line":57,"column":34},"end":{"line":57,"column":36}}]},"17":{"line":58,"type":"cond-expr","locations":[{"start":{"line":58,"column":24},"end":{"line":58,"column":41}},{"start":{"line":58,"column":44},"end":{"line":58,"column":47}}]},"18":{"line":59,"type":"cond-expr","locations":[{"start":{"line":59,"column":15},"end":{"line":59,"column":31}},{"start":{"line":59,"column":34},"end":{"line":59,"column":36}}]},"19":{"line":61,"type":"if","locations":[{"start":{"line":61,"column":4},"end":{"line":61,"column":4}},{"start":{"line":61,"column":4},"end":{"line":61,"column":4}}]},"20":{"line":67,"type":"cond-expr","locations":[{"start":{"line":67,"column":17},"end":{"line":67,"column":33}},{"start":{"line":67,"column":36},"end":{"line":67,"column":38}}]},"21":{"line":71,"type":"cond-expr","locations":[{"start":{"line":71,"column":23},"end":{"line":71,"column":40}},{"start":{"line":71,"column":43},"end":{"line":71,"column":46}}]},"22":{"line":72,"type":"cond-expr","locations":[{"start":{"line":72,"column":17},"end":{"line":72,"column":33}},{"start":{"line":72,"column":36},"end":{"line":72,"column":38}}]},"23":{"line":74,"type":"if","locations":[{"start":{"line":74,"column":6},"end":{"line":74,"column":6}},{"start":{"line":74,"column":6},"end":{"line":74,"column":6}}]},"24":{"line":74,"type":"binary-expr","locations":[{"start":{"line":74,"column":10},"end":{"line":74,"column":17}},{"start":{"line":74,"column":21},"end":{"line":74,"column":26}}]},"25":{"line":77,"type":"if","locations":[{"start":{"line":77,"column":4},"end":{"line":77,"column":4}},{"start":{"line":77,"column":4},"end":{"line":77,"column":4}}]},"26":{"line":82,"type":"if","locations":[{"start":{"line":82,"column":4},"end":{"line":82,"column":4}},{"start":{"line":82,"column":4},"end":{"line":82,"column":4}}]},"27":{"line":92,"type":"cond-expr","locations":[{"start":{"line":94,"column":14},"end":{"line":94,"column":30}},{"start":{"line":94,"column":33},"end":{"line":94,"column":35}}]},"28":{"line":92,"type":"binary-expr","locations":[{"start":{"line":92,"column":12},"end":{"line":92,"column":46}},{"start":{"line":93,"column":12},"end":{"line":93,"column":52}}]},"29":{"line":110,"type":"binary-expr","locations":[{"start":{"line":110,"column":12},"end":{"line":110,"column":45}},{"start":{"line":111,"column":12},"end":{"line":111,"column":47}},{"start":{"line":112,"column":12},"end":{"line":112,"column":53}}]},"30":{"line":126,"type":"if","locations":[{"start":{"line":126,"column":6},"end":{"line":126,"column":6}},{"start":{"line":126,"column":6},"end":{"line":126,"column":6}}]},"31":{"line":128,"type":"if","locations":[{"start":{"line":128,"column":8},"end":{"line":128,"column":8}},{"start":{"line":128,"column":8},"end":{"line":128,"column":8}}]},"32":{"line":130,"type":"if","locations":[{"start":{"line":130,"column":8},"end":{"line":130,"column":8}},{"start":{"line":130,"column":8},"end":{"line":130,"column":8}}]},"33":{"line":131,"type":"binary-expr","locations":[{"start":{"line":131,"column":10},"end":{"line":131,"column":45}},{"start":{"line":132,"column":10},"end":{"line":132,"column":33}}]},"34":{"line":135,"type":"if","locations":[{"start":{"line":135,"column":8},"end":{"line":135,"column":8}},{"start":{"line":135,"column":8},"end":{"line":135,"column":8}}]},"35":{"line":137,"type":"if","locations":[{"start":{"line":137,"column":8},"end":{"line":137,"column":8}},{"start":{"line":137,"column":8},"end":{"line":137,"column":8}}]},"36":{"line":139,"type":"if","locations":[{"start":{"line":139,"column":8},"end":{"line":139,"column":8}},{"start":{"line":139,"column":8},"end":{"line":139,"column":8}}]}}}}