{"/Users/agiammarchi/git/monthyl/cjs/index.js":{"path":"/Users/agiammarchi/git/monthyl/cjs/index.js","s":{"1":2,"2":2,"3":2,"4":2,"5":2,"6":1,"7":2,"8":16,"9":16,"10":16,"11":16,"12":16,"13":16,"14":16,"15":16,"16":16,"17":16,"18":16,"19":16,"20":16,"21":16,"22":16,"23":16,"24":2,"25":16,"26":16,"27":2,"28":16,"29":16,"30":16,"31":16,"32":16,"33":112,"34":112,"35":16,"36":16,"37":2,"38":16,"39":16,"40":16,"41":16,"42":96,"43":96,"44":10,"45":16,"46":2,"47":16,"48":1,"49":128,"50":99,"51":99,"52":99,"53":29,"54":1,"55":28,"56":1,"57":2,"58":2,"59":1,"60":112,"61":1,"62":32,"63":103,"64":1,"65":3644,"66":1,"67":440,"68":1,"69":96,"70":96,"71":672,"72":488,"73":488,"74":13,"75":488,"76":147,"77":488,"78":15,"79":488,"80":12,"81":488,"82":61,"83":488,"84":184,"85":672,"86":96,"87":2},"b":{"1":[1,1],"2":[2,1],"3":[16,16],"4":[16,3],"5":[16,2],"6":[2,14],"7":[16,16],"8":[16,4],"9":[16,2],"10":[16,4],"11":[4,12],"12":[2,14],"13":[2,14],"14":[2,14],"15":[2,14],"16":[2,14],"17":[2,14],"18":[2,14],"19":[2,14],"20":[2,14],"21":[2,14],"22":[2,14],"23":[12,84],"24":[12,84],"25":[12,84],"26":[10,86],"27":[96,80],"28":[2,14],"29":[99,29],"30":[1,28],"31":[1,1],"32":[2,1],"33":[3644,123,109],"34":[488,184],"35":[13,475],"36":[147,341],"37":[488,349],"38":[15,473],"39":[12,476],"40":[61,427]},"f":{"1":2,"2":16,"3":128,"4":2,"5":112,"6":32,"7":3644,"8":440,"9":96},"fnMap":{"1":{"name":"(anonymous_1)","line":2,"loc":{"start":{"line":2,"column":15},"end":{"line":2,"column":27}}},"2":{"name":"monthly","line":26,"loc":{"start":{"line":26,"column":9},"end":{"line":26,"column":35}}},"3":{"name":"asDate","line":99,"loc":{"start":{"line":99,"column":2},"end":{"line":99,"column":23}}},"4":{"name":"currentDate","line":110,"loc":{"start":{"line":110,"column":2},"end":{"line":110,"column":29}}},"5":{"name":"day","line":117,"loc":{"start":{"line":117,"column":2},"end":{"line":117,"column":29}}},"6":{"name":"reach","line":124,"loc":{"start":{"line":124,"column":2},"end":{"line":124,"column":28}}},"7":{"name":"similar","line":129,"loc":{"start":{"line":129,"column":2},"end":{"line":129,"column":25}}},"8":{"name":"special","line":135,"loc":{"start":{"line":135,"column":2},"end":{"line":135,"column":29}}},"9":{"name":"row","line":140,"loc":{"start":{"line":140,"column":2},"end":{"line":143,"column":4}}}},"statementMap":{"1":{"start":{"line":2,"column":0},"end":{"line":169,"column":5}},"2":{"start":{"line":20,"column":2},"end":{"line":20,"column":14}},"3":{"start":{"line":21,"column":2},"end":{"line":25,"column":17}},"4":{"start":{"line":22,"column":4},"end":{"line":22,"column":27}},"5":{"start":{"line":23,"column":4},"end":{"line":24,"column":15}},"6":{"start":{"line":24,"column":6},"end":{"line":24,"column":15}},"7":{"start":{"line":26,"column":2},"end":{"line":97,"column":4}},"8":{"start":{"line":27,"column":4},"end":{"line":27,"column":28}},"9":{"start":{"line":28,"column":4},"end":{"line":28,"column":69}},"10":{"start":{"line":29,"column":4},"end":{"line":32,"column":24}},"11":{"start":{"line":33,"column":4},"end":{"line":36,"column":24}},"12":{"start":{"line":37,"column":4},"end":{"line":40,"column":69}},"13":{"start":{"line":41,"column":4},"end":{"line":41,"column":65}},"14":{"start":{"line":42,"column":4},"end":{"line":42,"column":63}},"15":{"start":{"line":43,"column":4},"end":{"line":43,"column":40}},"16":{"start":{"line":44,"column":4},"end":{"line":44,"column":79}},"17":{"start":{"line":45,"column":4},"end":{"line":45,"column":67}},"18":{"start":{"line":46,"column":4},"end":{"line":46,"column":32}},"19":{"start":{"line":47,"column":4},"end":{"line":47,"column":30}},"20":{"start":{"line":48,"column":4},"end":{"line":49,"column":65}},"21":{"start":{"line":50,"column":4},"end":{"line":53,"column":18}},"22":{"start":{"line":54,"column":4},"end":{"line":54,"column":20}},"23":{"start":{"line":55,"column":4},"end":{"line":56,"column":72}},"24":{"start":{"line":56,"column":6},"end":{"line":56,"column":72}},"25":{"start":{"line":57,"column":4},"end":{"line":61,"column":6}},"26":{"start":{"line":62,"column":4},"end":{"line":63,"column":72}},"27":{"start":{"line":63,"column":6},"end":{"line":63,"column":72}},"28":{"start":{"line":64,"column":4},"end":{"line":64,"column":38}},"29":{"start":{"line":65,"column":4},"end":{"line":65,"column":19}},"30":{"start":{"line":66,"column":4},"end":{"line":66,"column":44}},"31":{"start":{"line":67,"column":4},"end":{"line":67,"column":18}},"32":{"start":{"line":68,"column":4},"end":{"line":71,"column":5}},"33":{"start":{"line":69,"column":6},"end":{"line":69,"column":49}},"34":{"start":{"line":70,"column":6},"end":{"line":70,"column":39}},"35":{"start":{"line":72,"column":4},"end":{"line":76,"column":6}},"36":{"start":{"line":77,"column":4},"end":{"line":78,"column":72}},"37":{"start":{"line":78,"column":6},"end":{"line":78,"column":72}},"38":{"start":{"line":79,"column":4},"end":{"line":79,"column":33}},"39":{"start":{"line":80,"column":4},"end":{"line":80,"column":20}},"40":{"start":{"line":81,"column":4},"end":{"line":81,"column":26}},"41":{"start":{"line":82,"column":4},"end":{"line":93,"column":5}},"42":{"start":{"line":83,"column":6},"end":{"line":90,"column":8}},"43":{"start":{"line":91,"column":6},"end":{"line":92,"column":74}},"44":{"start":{"line":92,"column":8},"end":{"line":92,"column":74}},"45":{"start":{"line":94,"column":4},"end":{"line":95,"column":72}},"46":{"start":{"line":95,"column":6},"end":{"line":95,"column":72}},"47":{"start":{"line":96,"column":4},"end":{"line":96,"column":18}},"48":{"start":{"line":99,"column":2},"end":{"line":108,"column":3}},"49":{"start":{"line":100,"column":4},"end":{"line":106,"column":5}},"50":{"start":{"line":101,"column":6},"end":{"line":101,"column":42}},"51":{"start":{"line":102,"column":6},"end":{"line":102,"column":24}},"52":{"start":{"line":103,"column":6},"end":{"line":103,"column":18}},"53":{"start":{"line":104,"column":11},"end":{"line":106,"column":5}},"54":{"start":{"line":105,"column":6},"end":{"line":105,"column":27}},"55":{"start":{"line":107,"column":4},"end":{"line":107,"column":15}},"56":{"start":{"line":110,"column":2},"end":{"line":115,"column":3}},"57":{"start":{"line":111,"column":4},"end":{"line":111,"column":23}},"58":{"start":{"line":112,"column":4},"end":{"line":114,"column":36}},"59":{"start":{"line":117,"column":2},"end":{"line":122,"column":3}},"60":{"start":{"line":118,"column":4},"end":{"line":121,"column":18}},"61":{"start":{"line":124,"column":2},"end":{"line":127,"column":3}},"62":{"start":{"line":125,"column":4},"end":{"line":126,"column":39}},"63":{"start":{"line":126,"column":6},"end":{"line":126,"column":39}},"64":{"start":{"line":129,"column":2},"end":{"line":133,"column":3}},"65":{"start":{"line":130,"column":4},"end":{"line":132,"column":54}},"66":{"start":{"line":135,"column":2},"end":{"line":138,"column":3}},"67":{"start":{"line":136,"column":4},"end":{"line":136,"column":49}},"68":{"start":{"line":140,"column":2},"end":{"line":168,"column":3}},"69":{"start":{"line":144,"column":4},"end":{"line":144,"column":18}},"70":{"start":{"line":145,"column":4},"end":{"line":166,"column":5}},"71":{"start":{"line":146,"column":6},"end":{"line":164,"column":24}},"72":{"start":{"line":147,"column":8},"end":{"line":147,"column":51}},"73":{"start":{"line":148,"column":8},"end":{"line":149,"column":32}},"74":{"start":{"line":149,"column":10},"end":{"line":149,"column":32}},"75":{"start":{"line":150,"column":8},"end":{"line":154,"column":34}},"76":{"start":{"line":154,"column":10},"end":{"line":154,"column":34}},"77":{"start":{"line":155,"column":8},"end":{"line":156,"column":32}},"78":{"start":{"line":156,"column":10},"end":{"line":156,"column":32}},"79":{"start":{"line":157,"column":8},"end":{"line":158,"column":32}},"80":{"start":{"line":158,"column":10},"end":{"line":158,"column":32}},"81":{"start":{"line":159,"column":8},"end":{"line":160,"column":32}},"82":{"start":{"line":160,"column":10},"end":{"line":160,"column":32}},"83":{"start":{"line":161,"column":8},"end":{"line":161,"column":23}},"84":{"start":{"line":164,"column":8},"end":{"line":164,"column":24}},"85":{"start":{"line":165,"column":6},"end":{"line":165,"column":39}},"86":{"start":{"line":167,"column":4},"end":{"line":167,"column":16}},"87":{"start":{"line":170,"column":0},"end":{"line":170,"column":25}}},"branchMap":{"1":{"line":23,"type":"if","locations":[{"start":{"line":23,"column":4},"end":{"line":23,"column":4}},{"start":{"line":23,"column":4},"end":{"line":23,"column":4}}]},"2":{"line":23,"type":"binary-expr","locations":[{"start":{"line":23,"column":8},"end":{"line":23,"column":42}},{"start":{"line":23,"column":46},"end":{"line":23,"column":71}}]},"3":{"line":28,"type":"binary-expr","locations":[{"start":{"line":28,"column":19},"end":{"line":28,"column":36}},{"start":{"line":28,"column":40},"end":{"line":28,"column":68}}]},"4":{"line":30,"type":"binary-expr","locations":[{"start":{"line":30,"column":6},"end":{"line":30,"column":17}},{"start":{"line":30,"column":21},"end":{"line":30,"column":23}}]},"5":{"line":34,"type":"binary-expr","locations":[{"start":{"line":34,"column":6},"end":{"line":34,"column":23}},{"start":{"line":34,"column":27},"end":{"line":34,"column":29}}]},"6":{"line":37,"type":"cond-expr","locations":[{"start":{"line":38,"column":22},"end":{"line":38,"column":39}},{"start":{"line":39,"column":22},"end":{"line":39,"column":39}}]},"7":{"line":40,"type":"binary-expr","locations":[{"start":{"line":40,"column":29},"end":{"line":40,"column":43}},{"start":{"line":40,"column":47},"end":{"line":40,"column":49}}]},"8":{"line":41,"type":"binary-expr","locations":[{"start":{"line":41,"column":26},"end":{"line":41,"column":39}},{"start":{"line":41,"column":43},"end":{"line":41,"column":45}}]},"9":{"line":42,"type":"binary-expr","locations":[{"start":{"line":42,"column":25},"end":{"line":42,"column":37}},{"start":{"line":42,"column":41},"end":{"line":42,"column":43}}]},"10":{"line":43,"type":"binary-expr","locations":[{"start":{"line":43,"column":17},"end":{"line":43,"column":31}},{"start":{"line":43,"column":35},"end":{"line":43,"column":39}}]},"11":{"line":44,"type":"cond-expr","locations":[{"start":{"line":44,"column":54},"end":{"line":44,"column":59}},{"start":{"line":44,"column":62},"end":{"line":44,"column":77}}]},"12":{"line":45,"type":"cond-expr","locations":[{"start":{"line":45,"column":46},"end":{"line":45,"column":47}},{"start":{"line":45,"column":50},"end":{"line":45,"column":66}}]},"13":{"line":47,"type":"cond-expr","locations":[{"start":{"line":47,"column":22},"end":{"line":47,"column":24}},{"start":{"line":47,"column":27},"end":{"line":47,"column":29}}]},"14":{"line":49,"type":"cond-expr","locations":[{"start":{"line":49,"column":33},"end":{"line":49,"column":57}},{"start":{"line":49,"column":61},"end":{"line":49,"column":63}}]},"15":{"line":55,"type":"if","locations":[{"start":{"line":55,"column":4},"end":{"line":55,"column":4}},{"start":{"line":55,"column":4},"end":{"line":55,"column":4}}]},"16":{"line":58,"type":"cond-expr","locations":[{"start":{"line":58,"column":15},"end":{"line":58,"column":33}},{"start":{"line":58,"column":36},"end":{"line":58,"column":38}}]},"17":{"line":60,"type":"cond-expr","locations":[{"start":{"line":60,"column":15},"end":{"line":60,"column":33}},{"start":{"line":60,"column":36},"end":{"line":60,"column":38}}]},"18":{"line":62,"type":"if","locations":[{"start":{"line":62,"column":4},"end":{"line":62,"column":4}},{"start":{"line":62,"column":4},"end":{"line":62,"column":4}}]},"19":{"line":73,"type":"cond-expr","locations":[{"start":{"line":73,"column":15},"end":{"line":73,"column":33}},{"start":{"line":73,"column":36},"end":{"line":73,"column":38}}]},"20":{"line":74,"type":"cond-expr","locations":[{"start":{"line":74,"column":24},"end":{"line":74,"column":43}},{"start":{"line":74,"column":46},"end":{"line":74,"column":49}}]},"21":{"line":75,"type":"cond-expr","locations":[{"start":{"line":75,"column":15},"end":{"line":75,"column":33}},{"start":{"line":75,"column":36},"end":{"line":75,"column":38}}]},"22":{"line":77,"type":"if","locations":[{"start":{"line":77,"column":4},"end":{"line":77,"column":4}},{"start":{"line":77,"column":4},"end":{"line":77,"column":4}}]},"23":{"line":84,"type":"cond-expr","locations":[{"start":{"line":84,"column":17},"end":{"line":84,"column":35}},{"start":{"line":84,"column":38},"end":{"line":84,"column":40}}]},"24":{"line":88,"type":"cond-expr","locations":[{"start":{"line":88,"column":23},"end":{"line":88,"column":42}},{"start":{"line":88,"column":45},"end":{"line":88,"column":48}}]},"25":{"line":89,"type":"cond-expr","locations":[{"start":{"line":89,"column":17},"end":{"line":89,"column":35}},{"start":{"line":89,"column":38},"end":{"line":89,"column":40}}]},"26":{"line":91,"type":"if","locations":[{"start":{"line":91,"column":6},"end":{"line":91,"column":6}},{"start":{"line":91,"column":6},"end":{"line":91,"column":6}}]},"27":{"line":91,"type":"binary-expr","locations":[{"start":{"line":91,"column":10},"end":{"line":91,"column":17}},{"start":{"line":91,"column":21},"end":{"line":91,"column":26}}]},"28":{"line":94,"type":"if","locations":[{"start":{"line":94,"column":4},"end":{"line":94,"column":4}},{"start":{"line":94,"column":4},"end":{"line":94,"column":4}}]},"29":{"line":100,"type":"if","locations":[{"start":{"line":100,"column":4},"end":{"line":100,"column":4}},{"start":{"line":100,"column":4},"end":{"line":100,"column":4}}]},"30":{"line":104,"type":"if","locations":[{"start":{"line":104,"column":11},"end":{"line":104,"column":11}},{"start":{"line":104,"column":11},"end":{"line":104,"column":11}}]},"31":{"line":112,"type":"cond-expr","locations":[{"start":{"line":114,"column":14},"end":{"line":114,"column":30}},{"start":{"line":114,"column":33},"end":{"line":114,"column":35}}]},"32":{"line":112,"type":"binary-expr","locations":[{"start":{"line":112,"column":12},"end":{"line":112,"column":46}},{"start":{"line":113,"column":12},"end":{"line":113,"column":52}}]},"33":{"line":130,"type":"binary-expr","locations":[{"start":{"line":130,"column":12},"end":{"line":130,"column":45}},{"start":{"line":131,"column":12},"end":{"line":131,"column":47}},{"start":{"line":132,"column":12},"end":{"line":132,"column":53}}]},"34":{"line":146,"type":"if","locations":[{"start":{"line":146,"column":6},"end":{"line":146,"column":6}},{"start":{"line":146,"column":6},"end":{"line":146,"column":6}}]},"35":{"line":148,"type":"if","locations":[{"start":{"line":148,"column":8},"end":{"line":148,"column":8}},{"start":{"line":148,"column":8},"end":{"line":148,"column":8}}]},"36":{"line":150,"type":"if","locations":[{"start":{"line":150,"column":8},"end":{"line":150,"column":8}},{"start":{"line":150,"column":8},"end":{"line":150,"column":8}}]},"37":{"line":151,"type":"binary-expr","locations":[{"start":{"line":151,"column":10},"end":{"line":151,"column":45}},{"start":{"line":152,"column":10},"end":{"line":152,"column":33}}]},"38":{"line":155,"type":"if","locations":[{"start":{"line":155,"column":8},"end":{"line":155,"column":8}},{"start":{"line":155,"column":8},"end":{"line":155,"column":8}}]},"39":{"line":157,"type":"if","locations":[{"start":{"line":157,"column":8},"end":{"line":157,"column":8}},{"start":{"line":157,"column":8},"end":{"line":157,"column":8}}]},"40":{"line":159,"type":"if","locations":[{"start":{"line":159,"column":8},"end":{"line":159,"column":8}},{"start":{"line":159,"column":8},"end":{"line":159,"column":8}}]}}}}