TN:
SF:/Users/agiammarchi/git/monthyl/cjs/index.js
FN:1,(anonymous_1)
FN:25,monthly
FN:94,asDate
FN:105,currentDate
FN:112,day
FN:119,reach
FN:124,similar
FN:130,special
FN:135,row
FNF:9
FNH:9
FNDA:2,(anonymous_1)
FNDA:16,monthly
FNDA:128,asDate
FNDA:2,currentDate
FNDA:112,day
FNDA:32,reach
FNDA:3644,similar
FNDA:440,special
FNDA:96,row
DA:1,2
DA:19,2
DA:20,2
DA:21,2
DA:22,2
DA:23,1
DA:25,2
DA:26,16
DA:27,16
DA:31,16
DA:35,16
DA:36,16
DA:37,16
DA:38,16
DA:39,16
DA:40,16
DA:41,16
DA:42,16
DA:43,16
DA:45,16
DA:49,16
DA:50,16
DA:51,2
DA:52,16
DA:57,16
DA:58,2
DA:59,16
DA:60,16
DA:61,16
DA:62,16
DA:63,16
DA:64,112
DA:65,112
DA:67,16
DA:72,16
DA:73,2
DA:74,16
DA:75,16
DA:76,16
DA:77,16
DA:78,96
DA:86,96
DA:87,10
DA:89,16
DA:90,2
DA:91,16
DA:94,1
DA:95,128
DA:96,99
DA:97,99
DA:98,99
DA:99,29
DA:100,1
DA:102,28
DA:105,1
DA:106,2
DA:107,2
DA:112,1
DA:113,112
DA:119,1
DA:120,32
DA:121,103
DA:124,1
DA:125,3644
DA:130,1
DA:131,440
DA:135,1
DA:139,96
DA:140,96
DA:141,672
DA:142,488
DA:143,488
DA:144,13
DA:145,488
DA:149,147
DA:150,488
DA:151,15
DA:152,488
DA:153,12
DA:154,488
DA:155,61
DA:156,488
DA:159,184
DA:160,672
DA:162,96
DA:165,2
LF:86
LH:86
BRDA:22,1,0,1
BRDA:22,1,1,1
BRDA:22,2,0,2
BRDA:22,2,1,1
BRDA:27,3,0,2
BRDA:27,3,1,14
BRDA:30,4,0,16
BRDA:30,4,1,16
BRDA:32,5,0,16
BRDA:32,5,1,3
BRDA:33,6,0,16
BRDA:33,6,1,16
BRDA:35,7,0,16
BRDA:35,7,1,4
BRDA:36,8,0,16
BRDA:36,8,1,2
BRDA:37,9,0,16
BRDA:37,9,1,2
BRDA:38,10,0,16
BRDA:38,10,1,4
BRDA:39,11,0,4
BRDA:39,11,1,12
BRDA:40,12,0,2
BRDA:40,12,1,14
BRDA:42,13,0,2
BRDA:42,13,1,14
BRDA:44,14,0,2
BRDA:44,14,1,14
BRDA:50,15,0,2
BRDA:50,15,1,14
BRDA:53,16,0,2
BRDA:53,16,1,14
BRDA:55,17,0,2
BRDA:55,17,1,14
BRDA:57,18,0,2
BRDA:57,18,1,14
BRDA:68,19,0,2
BRDA:68,19,1,14
BRDA:69,20,0,2
BRDA:69,20,1,14
BRDA:70,21,0,2
BRDA:70,21,1,14
BRDA:72,22,0,2
BRDA:72,22,1,14
BRDA:79,23,0,12
BRDA:79,23,1,84
BRDA:83,24,0,12
BRDA:83,24,1,84
BRDA:84,25,0,12
BRDA:84,25,1,84
BRDA:86,26,0,10
BRDA:86,26,1,86
BRDA:86,27,0,96
BRDA:86,27,1,80
BRDA:89,28,0,2
BRDA:89,28,1,14
BRDA:95,29,0,99
BRDA:95,29,1,29
BRDA:99,30,0,1
BRDA:99,30,1,28
BRDA:107,31,0,1
BRDA:107,31,1,1
BRDA:107,32,0,2
BRDA:107,32,1,1
BRDA:125,33,0,3644
BRDA:125,33,1,123
BRDA:125,33,2,109
BRDA:141,34,0,488
BRDA:141,34,1,184
BRDA:143,35,0,13
BRDA:143,35,1,475
BRDA:145,36,0,147
BRDA:145,36,1,341
BRDA:146,37,0,488
BRDA:146,37,1,349
BRDA:150,38,0,15
BRDA:150,38,1,473
BRDA:152,39,0,12
BRDA:152,39,1,476
BRDA:154,40,0,61
BRDA:154,40,1,427
BRF:81
BRH:81
end_of_record
