TN:
SF:/Users/agiammarchi/git/monthyl/cjs/index.js
FN:1,(anonymous_1)
FN:25,monthly
FN:98,asDate
FN:109,currentDate
FN:116,day
FN:123,reach
FN:128,similar
FN:134,special
FN:139,row
FNF:9
FNH:9
FNDA:2,(anonymous_1)
FNDA:16,monthly
FNDA:128,asDate
FNDA:2,currentDate
FNDA:112,day
FNDA:32,reach
FNDA:3644,similar
FNDA:440,special
FNDA:96,row
DA:1,2
DA:19,2
DA:20,2
DA:21,2
DA:22,2
DA:23,1
DA:25,2
DA:26,16
DA:27,16
DA:28,16
DA:32,16
DA:36,16
DA:40,16
DA:41,16
DA:42,16
DA:43,16
DA:44,16
DA:45,16
DA:46,16
DA:47,16
DA:49,16
DA:53,16
DA:54,16
DA:55,2
DA:56,16
DA:61,16
DA:62,2
DA:63,16
DA:64,16
DA:65,16
DA:66,16
DA:67,16
DA:68,112
DA:69,112
DA:71,16
DA:76,16
DA:77,2
DA:78,16
DA:79,16
DA:80,16
DA:81,16
DA:82,96
DA:90,96
DA:91,10
DA:93,16
DA:94,2
DA:95,16
DA:98,1
DA:99,128
DA:100,99
DA:101,99
DA:102,99
DA:103,29
DA:104,1
DA:106,28
DA:109,1
DA:110,2
DA:111,2
DA:116,1
DA:117,112
DA:123,1
DA:124,32
DA:125,103
DA:128,1
DA:129,3644
DA:134,1
DA:135,440
DA:139,1
DA:143,96
DA:144,96
DA:145,672
DA:146,488
DA:147,488
DA:148,13
DA:149,488
DA:153,147
DA:154,488
DA:155,15
DA:156,488
DA:157,12
DA:158,488
DA:159,61
DA:160,488
DA:163,184
DA:164,672
DA:166,96
DA:169,2
LF:87
LH:87
BRDA:22,1,0,1
BRDA:22,1,1,1
BRDA:22,2,0,2
BRDA:22,2,1,1
BRDA:27,3,0,16
BRDA:27,3,1,16
BRDA:29,4,0,16
BRDA:29,4,1,3
BRDA:33,5,0,16
BRDA:33,5,1,2
BRDA:36,6,0,2
BRDA:36,6,1,14
BRDA:39,7,0,16
BRDA:39,7,1,16
BRDA:40,8,0,16
BRDA:40,8,1,4
BRDA:41,9,0,16
BRDA:41,9,1,2
BRDA:42,10,0,16
BRDA:42,10,1,4
BRDA:43,11,0,4
BRDA:43,11,1,12
BRDA:44,12,0,2
BRDA:44,12,1,14
BRDA:46,13,0,2
BRDA:46,13,1,14
BRDA:48,14,0,2
BRDA:48,14,1,14
BRDA:54,15,0,2
BRDA:54,15,1,14
BRDA:57,16,0,2
BRDA:57,16,1,14
BRDA:59,17,0,2
BRDA:59,17,1,14
BRDA:61,18,0,2
BRDA:61,18,1,14
BRDA:72,19,0,2
BRDA:72,19,1,14
BRDA:73,20,0,2
BRDA:73,20,1,14
BRDA:74,21,0,2
BRDA:74,21,1,14
BRDA:76,22,0,2
BRDA:76,22,1,14
BRDA:83,23,0,12
BRDA:83,23,1,84
BRDA:87,24,0,12
BRDA:87,24,1,84
BRDA:88,25,0,12
BRDA:88,25,1,84
BRDA:90,26,0,10
BRDA:90,26,1,86
BRDA:90,27,0,96
BRDA:90,27,1,80
BRDA:93,28,0,2
BRDA:93,28,1,14
BRDA:99,29,0,99
BRDA:99,29,1,29
BRDA:103,30,0,1
BRDA:103,30,1,28
BRDA:111,31,0,1
BRDA:111,31,1,1
BRDA:111,32,0,2
BRDA:111,32,1,1
BRDA:129,33,0,3644
BRDA:129,33,1,123
BRDA:129,33,2,109
BRDA:145,34,0,488
BRDA:145,34,1,184
BRDA:147,35,0,13
BRDA:147,35,1,475
BRDA:149,36,0,147
BRDA:149,36,1,341
BRDA:150,37,0,488
BRDA:150,37,1,349
BRDA:154,38,0,15
BRDA:154,38,1,473
BRDA:156,39,0,12
BRDA:156,39,1,476
BRDA:158,40,0,61
BRDA:158,40,1,427
BRF:81
BRH:81
end_of_record
